<?xml version="1.0" encoding="UTF-8"?>
<testng-results ignored="0" total="1" passed="1" failed="0" skipped="0">
  <reporter-output>
  </reporter-output>
  <suite started-at="2025-03-06T20:39:26 IST" name="Default suite" finished-at="2025-03-06T20:39:44 IST" duration-ms="18464">
    <groups>
    </groups>
    <test started-at="2025-03-06T20:39:26 IST" name="Default test" finished-at="2025-03-06T20:39:44 IST" duration-ms="18464">
      <class name="RunReport.ExtentReport.ExtentreportDemo">
        <test-method is-config="true" signature="config()[pri:0, instance:RunReport.ExtentReport.ExtentreportDemo@71d44a3]" started-at="2025-03-06T20:39:26 IST" name="config" finished-at="2025-03-06T20:39:26 IST" duration-ms="174" status="PASS">
          <reporter-output>
          </reporter-output>
        </test-method> <!-- config -->
        <test-method signature="initialDemo()[pri:0, instance:RunReport.ExtentReport.ExtentreportDemo@71d44a3]" started-at="2025-03-06T20:39:26 IST" name="initialDemo" finished-at="2025-03-06T20:39:44 IST" duration-ms="18256" status="PASS">
          <reporter-output>
          </reporter-output>
        </test-method> <!-- initialDemo -->
      </class> <!-- RunReport.ExtentReport.ExtentreportDemo -->
    </test> <!-- Default test -->
  </suite> <!-- Default suite -->
</testng-results>
